> ng.cmd run app:build
[33m‚ùØ[39m Building...
[32m‚úî[39m Building...
Application bundle generation failed. [10.073 seconds] - 2026-01-03T02:43:59.157Z

‚ñ≤ [WARNING] The glob pattern import("./**/*.entry.js*") did not match any files [empty-glob]

    node_modules/@stencil/core/internal/client/index.js:169:2:
      169 ‚îÇ   `./${bundleId}.entry.js${BUILD5.hotModuleReplacement && hmrVers...
          ‚ïµ   ~~~~~~~~~~~~~~~~~~~~~~~~~~~~~~~~~~~~~~~~~~~~~~~~~~~~~~~~~~~~~~~


X [ERROR] $color: -claro is not a color.
     ‚ï∑
1189 ‚îÇ                         background: rgba(-claro, 0.15);
     ‚îÇ                                     ^^^^^^^^^^^^^^^^^^
     ‚ïµ
  src\app\pages\inicio\inicio.page.scss 1189:37  root stylesheet [plugin angular-sass]


[ERROR] An error occurred while running subprocess ng.
        
        ng.cmd run app:build exited with exit code 1.
        
        Re-running this command with the --verbose flag may provide more information.
